<?xml version="1.0" encoding="UTF-8"?>
<!-- Generated by org.testng.reporters.JUnitXMLReporter -->
<testsuite ignored="1" hostname="LAPTOP-G0OPNL62" failures="0" tests="1" name="Default test" time="15.841" errors="0" timestamp="2025-09-29T14:09:05 IST">
  <testcase classname="com.orangehrm.test.LoginPageTest" name="invalidLoginTest" time="5.587"/>
  <testcase classname="com.orangehrm.test.LoginPageTest" name="verifyValidLoginTest" time="0.0">
    <ignored/>
  </testcase> <!-- verifyValidLoginTest -->
</testsuite> <!-- Default test -->
