<?xml version="1.0" encoding="UTF-8"?>
<!-- Generated by org.testng.reporters.JUnitXMLReporter -->
<testsuite ignored="2" hostname="LAPTOP-G0OPNL62" failures="2" tests="4" name="OrangeHRmTest2" time="58.82" errors="0" timestamp="2025-09-25T00:12:26 IST">
  <testcase classname="com.orangehrm.test.DummyClass" name="dummytest" time="0.028"/>
  <testcase classname="com.orangehrm.test.DummyClass2" name="dummytest" time="0.037"/>
  <testcase classname="com.orangehrm.test.LoginPageTest" name="invalidLoginTest" time="22.052">
    <failure type="java.lang.AssertionError" message="Text message is not matching expected [true] but found [false]">
      <![CDATA[java.lang.AssertionError: Text message is not matching expected [true] but found [false]
at com.orangehrm.test.LoginPageTest.invalidLoginTest(LoginPageTest.java:35)
at java.base/java.util.ArrayList.forEach(ArrayList.java:1596)
... Removed 28 stack frames]]>
    </failure>
  </testcase> <!-- invalidLoginTest -->
  <testcase classname="com.orangehrm.test.LoginPageTest" name="verifyValidLoginTest" time="8.618">
    <failure type="java.lang.AssertionError" message="Admin tab should be visible after successfull Login expected [true] but found [false]">
      <![CDATA[java.lang.AssertionError: Admin tab should be visible after successfull Login expected [true] but found [false]
at com.orangehrm.test.LoginPageTest.verifyValidLoginTest(LoginPageTest.java:26)
at java.base/java.util.ArrayList.forEach(ArrayList.java:1596)
... Removed 28 stack frames]]>
    </failure>
  </testcase> <!-- verifyValidLoginTest -->
  <testcase classname="com.orangehrm.base.BaseClass" name="@BeforeSuite loadConfig" time="0.0">
    <ignored/>
  </testcase> <!-- @BeforeSuite loadConfig -->
  <testcase classname="com.orangehrm.base.BaseClass" name="@BeforeSuite loadConfig" time="0.0">
    <ignored/>
  </testcase> <!-- @BeforeSuite loadConfig -->
</testsuite> <!-- OrangeHRmTest2 -->
