<?xml version="1.0" encoding="UTF-8"?>
<!-- Generated by org.testng.reporters.JUnitXMLReporter -->
<testsuite ignored="1" hostname="LAPTOP-G0OPNL62" failures="0" tests="2" name="OrangeHRmTest" time="20.701" errors="0" timestamp="2025-09-25T00:11:27 IST">
  <testcase classname="com.orangehrm.test.DummyClass" name="dummytest" time="0.061"/>
  <testcase classname="com.orangehrm.test.DummyClass2" name="dummytest" time="0.023"/>
  <testcase classname="com.orangehrm.base.BaseClass" name="@BeforeSuite loadConfig" time="0.0">
    <ignored/>
  </testcase> <!-- @BeforeSuite loadConfig -->
</testsuite> <!-- OrangeHRmTest -->
