<?xml version="1.0" encoding="UTF-8"?>
<testng-results ignored="1" total="2" passed="1" failed="0" skipped="0">
  <reporter-output>
  </reporter-output>
  <suite started-at="2025-09-29T14:08:49 IST" name="Default suite" finished-at="2025-09-29T14:09:05 IST" duration-ms="15841">
    <groups>
    </groups>
    <test started-at="2025-09-29T14:08:49 IST" name="Default test" finished-at="2025-09-29T14:09:05 IST" duration-ms="15841">
      <class name="com.orangehrm.test.LoginPageTest">
        <test-method is-config="true" signature="loadConfig()[pri:0, instance:com.orangehrm.test.LoginPageTest@7ae42ce3]" started-at="2025-09-29T14:08:49 IST" name="loadConfig" finished-at="2025-09-29T14:08:49 IST" duration-ms="73" status="PASS">
          <reporter-output>
          </reporter-output>
        </test-method> <!-- loadConfig -->
        <test-method is-config="true" signature="setup()[pri:0, instance:com.orangehrm.test.LoginPageTest@7ae42ce3]" started-at="2025-09-29T14:08:49 IST" name="setup" finished-at="2025-09-29T14:08:59 IST" duration-ms="9724" status="PASS">
          <reporter-output>
          </reporter-output>
        </test-method> <!-- setup -->
        <test-method is-config="true" signature="setupPage()[pri:0, instance:com.orangehrm.test.LoginPageTest@7ae42ce3]" started-at="2025-09-29T14:08:59 IST" name="setupPage" finished-at="2025-09-29T14:08:59 IST" duration-ms="15" status="PASS">
          <reporter-output>
          </reporter-output>
        </test-method> <!-- setupPage -->
        <test-method signature="invalidLoginTest()[pri:0, instance:com.orangehrm.test.LoginPageTest@7ae42ce3]" started-at="2025-09-29T14:08:59 IST" name="invalidLoginTest" finished-at="2025-09-29T14:09:04 IST" duration-ms="5587" status="PASS">
          <reporter-output>
          </reporter-output>
        </test-method> <!-- invalidLoginTest -->
        <test-method is-config="true" signature="tearDown()[pri:0, instance:com.orangehrm.test.LoginPageTest@7ae42ce3]" started-at="2025-09-29T14:09:04 IST" name="tearDown" finished-at="2025-09-29T14:09:05 IST" duration-ms="385" status="PASS">
          <reporter-output>
          </reporter-output>
        </test-method> <!-- tearDown -->
      </class> <!-- com.orangehrm.test.LoginPageTest -->
    </test> <!-- Default test -->
  </suite> <!-- Default suite -->
</testng-results>
